<?xml version="1.0" encoding="UTF-8"?>
<!-- Generated by org.testng.reporters.JUnitReportReporter -->
<testsuite hostname="TDXL-PF2WS5G3" failures="0" tests="4" name="com.mabaya.automation.tests.ui.MabayaTest" time="11.558" errors="0" timestamp="12 May 2022 11:31:25 GMT" skipped="0">
  <testcase classname="com.mabaya.automation.tests.ui.MabayaTest" name="loginNegativeTest" time="4.937"/>
  <testcase classname="com.mabaya.automation.tests.ui.MabayaTest" name="loginNegativeTest" time="1.598"/>
  <testcase classname="com.mabaya.automation.tests.ui.MabayaTest" name="loginTest" time="2.126"/>
  <testcase classname="com.mabaya.automation.tests.ui.MabayaTest" name="sendGetTest" time="2.897"/>
</testsuite> <!-- com.mabaya.automation.tests.ui.MabayaTest -->
